{
  "/Users/hardik.chauhan/opensesame/learning_project/sequelize-project-hetal/src/index.ts": {
    "path": "/Users/hardik.chauhan/opensesame/learning_project/sequelize-project-hetal/src/index.ts",
    "statementMap": {
      "0": {
        "start": { "line": 2, "column": 0 },
        "end": { "line": 2, "column": 26 }
      },
      "1": {
        "start": { "line": 3, "column": 0 },
        "end": { "line": 3, "column": 45 }
      },
      "2": {
        "start": { "line": 5, "column": 13 },
        "end": { "line": 5, "column": 37 }
      },
      "3": {
        "start": { "line": 6, "column": 20 },
        "end": { "line": 6, "column": 54 }
      },
      "4": {
        "start": { "line": 8, "column": 0 },
        "end": { "line": 10, "column": 3 }
      },
      "5": {
        "start": { "line": 9, "column": 2 },
        "end": { "line": 9, "column": 63 }
      }
    },
    "fnMap": {
      "0": {
        "name": "(anonymous_0)",
        "decl": {
          "start": { "line": 8, "column": 25 },
          "end": { "line": 8, "column": 28 }
        },
        "loc": {
          "start": { "line": 8, "column": 30 },
          "end": { "line": 10, "column": 1 }
        }
      }
    },
    "branchMap": {
      "0": {
        "loc": {
          "start": { "line": 5, "column": 13 },
          "end": { "line": 5, "column": 37 }
        },
        "type": "binary-expr",
        "locations": [
          {
            "start": { "line": 5, "column": 13 },
            "end": { "line": 5, "column": 29 }
          },
          {
            "start": { "line": 5, "column": 33 },
            "end": { "line": 5, "column": 37 }
          }
        ]
      }
    },
    "s": { "0": 0, "1": 0, "2": 0, "3": 0, "4": 0, "5": 0 },
    "f": { "0": 0 },
    "b": { "0": [0, 0] }
  },
  "/Users/hardik.chauhan/opensesame/learning_project/sequelize-project-hetal/src/server.ts": {
    "path": "/Users/hardik.chauhan/opensesame/learning_project/sequelize-project-hetal/src/server.ts",
    "statementMap": {
      "0": {
        "start": { "line": 1, "column": 0 },
        "end": { "line": 1, "column": 43 }
      },
      "1": {
        "start": { "line": 2, "column": 0 },
        "end": { "line": 2, "column": 41 }
      },
      "2": {
        "start": { "line": 3, "column": 0 },
        "end": { "line": 3, "column": 28 }
      },
      "3": {
        "start": { "line": 5, "column": 0 },
        "end": { "line": 5, "column": 62 }
      },
      "4": {
        "start": { "line": 6, "column": 0 },
        "end": { "line": 6, "column": 62 }
      },
      "5": {
        "start": { "line": 7, "column": 0 },
        "end": { "line": 7, "column": 50 }
      },
      "6": {
        "start": { "line": 9, "column": 0 },
        "end": { "line": 9, "column": 62 }
      },
      "7": {
        "start": { "line": 10, "column": 0 },
        "end": { "line": 10, "column": 81 }
      },
      "8": {
        "start": { "line": 11, "column": 0 },
        "end": { "line": 11, "column": 36 }
      },
      "9": {
        "start": { "line": 13, "column": 0 },
        "end": { "line": 13, "column": 24 }
      },
      "10": {
        "start": { "line": 17, "column": 9 },
        "end": { "line": 17, "column": 37 }
      },
      "11": {
        "start": { "line": 75, "column": 10 },
        "end": { "line": 77, "column": null }
      },
      "12": {
        "start": { "line": 76, "column": 4 },
        "end": { "line": 76, "column": 36 }
      },
      "13": {
        "start": { "line": 19, "column": 4 },
        "end": { "line": 19, "column": 32 }
      },
      "14": {
        "start": { "line": 21, "column": 4 },
        "end": { "line": 21, "column": 28 }
      },
      "15": {
        "start": { "line": 22, "column": 4 },
        "end": { "line": 22, "column": 23 }
      },
      "16": {
        "start": { "line": 29, "column": 24 },
        "end": { "line": 37, "column": 6 }
      },
      "17": {
        "start": { "line": 31, "column": 8 },
        "end": { "line": 35, "column": 9 }
      },
      "18": {
        "start": { "line": 32, "column": 10 },
        "end": { "line": 32, "column": 31 }
      },
      "19": {
        "start": { "line": 34, "column": 10 },
        "end": { "line": 34, "column": 53 }
      },
      "20": {
        "start": { "line": 39, "column": 4 },
        "end": { "line": 39, "column": 37 }
      },
      "21": {
        "start": { "line": 40, "column": 4 },
        "end": { "line": 40, "column": 40 }
      },
      "22": {
        "start": { "line": 41, "column": 4 },
        "end": { "line": 41, "column": 64 }
      },
      "23": {
        "start": { "line": 42, "column": 4 },
        "end": { "line": 42, "column": 40 }
      },
      "24": {
        "start": { "line": 43, "column": 4 },
        "end": { "line": 43, "column": 39 }
      },
      "25": {
        "start": { "line": 44, "column": 4 },
        "end": { "line": 44, "column": 49 }
      },
      "26": {
        "start": { "line": 49, "column": 27 },
        "end": { "line": 49, "column": 47 }
      },
      "27": {
        "start": { "line": 50, "column": 27 },
        "end": { "line": 50, "column": 47 }
      },
      "28": {
        "start": { "line": 51, "column": 27 },
        "end": { "line": 51, "column": 47 }
      },
      "29": {
        "start": { "line": 53, "column": 4 },
        "end": { "line": 53, "column": 75 }
      },
      "30": {
        "start": { "line": 54, "column": 4 },
        "end": { "line": 54, "column": 75 }
      },
      "31": {
        "start": { "line": 55, "column": 4 },
        "end": { "line": 55, "column": 75 }
      },
      "32": {
        "start": { "line": 58, "column": 4 },
        "end": { "line": 58, "column": 45 }
      },
      "33": {
        "start": { "line": 62, "column": 4 },
        "end": { "line": 72, "column": 7 }
      },
      "34": {
        "start": { "line": 63, "column": 8 },
        "end": { "line": 71, "column": 9 }
      },
      "35": {
        "start": { "line": 64, "column": 12 },
        "end": { "line": 64, "column": 119 }
      },
      "36": {
        "start": { "line": 65, "column": 12 },
        "end": { "line": 65, "column": 68 }
      },
      "37": {
        "start": { "line": 67, "column": 12 },
        "end": { "line": 67, "column": 31 }
      },
      "38": {
        "start": { "line": 69, "column": 12 },
        "end": { "line": 69, "column": 88 }
      },
      "39": {
        "start": { "line": 15, "column": 0 },
        "end": { "line": 15, "column": 13 }
      }
    },
    "fnMap": {
      "0": {
        "name": "(anonymous_1)",
        "decl": {
          "start": { "line": 18, "column": 2 },
          "end": { "line": 18, "column": null }
        },
        "loc": {
          "start": { "line": 18, "column": 2 },
          "end": { "line": 23, "column": 3 }
        }
      },
      "1": {
        "name": "(anonymous_2)",
        "decl": {
          "start": { "line": 75, "column": 25 },
          "end": { "line": 75, "column": 26 }
        },
        "loc": {
          "start": { "line": 75, "column": 52 },
          "end": { "line": 77, "column": 3 }
        }
      },
      "2": {
        "name": "(anonymous_3)",
        "decl": {
          "start": { "line": 25, "column": 10 },
          "end": { "line": 25, "column": 26 }
        },
        "loc": {
          "start": { "line": 25, "column": 26 },
          "end": { "line": 46, "column": 3 }
        }
      },
      "3": {
        "name": "(anonymous_4)",
        "decl": {
          "start": { "line": 30, "column": 14 },
          "end": { "line": 30, "column": 15 }
        },
        "loc": {
          "start": { "line": 30, "column": 35 },
          "end": { "line": 36, "column": 7 }
        }
      },
      "4": {
        "name": "(anonymous_5)",
        "decl": {
          "start": { "line": 48, "column": 10 },
          "end": { "line": 48, "column": 21 }
        },
        "loc": {
          "start": { "line": 48, "column": 21 },
          "end": { "line": 59, "column": 3 }
        }
      },
      "5": {
        "name": "(anonymous_6)",
        "decl": {
          "start": { "line": 61, "column": 10 },
          "end": { "line": 61, "column": 28 }
        },
        "loc": {
          "start": { "line": 61, "column": 49 },
          "end": { "line": 73, "column": 3 }
        }
      },
      "6": {
        "name": "(anonymous_7)",
        "decl": {
          "start": { "line": 62, "column": 20 },
          "end": { "line": 62, "column": 21 }
        },
        "loc": {
          "start": { "line": 62, "column": 84 },
          "end": { "line": 72, "column": 5 }
        }
      }
    },
    "branchMap": {
      "0": {
        "loc": {
          "start": { "line": 31, "column": 8 },
          "end": { "line": 35, "column": 9 }
        },
        "type": "if",
        "locations": [
          {
            "start": { "line": 31, "column": 8 },
            "end": { "line": 35, "column": 9 }
          },
          {
            "start": { "line": 33, "column": 15 },
            "end": { "line": 35, "column": 9 }
          }
        ]
      },
      "1": {
        "loc": {
          "start": { "line": 31, "column": 12 },
          "end": { "line": 31, "column": 63 }
        },
        "type": "binary-expr",
        "locations": [
          {
            "start": { "line": 31, "column": 12 },
            "end": { "line": 31, "column": 19 }
          },
          {
            "start": { "line": 31, "column": 23 },
            "end": { "line": 31, "column": 63 }
          }
        ]
      },
      "2": {
        "loc": {
          "start": { "line": 63, "column": 8 },
          "end": { "line": 71, "column": 9 }
        },
        "type": "if",
        "locations": [
          {
            "start": { "line": 63, "column": 8 },
            "end": { "line": 71, "column": 9 }
          },
          {
            "start": { "line": 66, "column": 15 },
            "end": { "line": 71, "column": 9 }
          }
        ]
      },
      "3": {
        "loc": {
          "start": { "line": 64, "column": 28 },
          "end": { "line": 64, "column": 49 }
        },
        "type": "binary-expr",
        "locations": [
          {
            "start": { "line": 64, "column": 28 },
            "end": { "line": 64, "column": 42 }
          },
          {
            "start": { "line": 64, "column": 46 },
            "end": { "line": 64, "column": 49 }
          }
        ]
      },
      "4": {
        "loc": {
          "start": { "line": 69, "column": 42 },
          "end": { "line": 69, "column": 84 }
        },
        "type": "binary-expr",
        "locations": [
          {
            "start": { "line": 69, "column": 42 },
            "end": { "line": 69, "column": 53 }
          },
          {
            "start": { "line": 69, "column": 57 },
            "end": { "line": 69, "column": 84 }
          }
        ]
      }
    },
    "s": {
      "0": 0,
      "1": 0,
      "2": 0,
      "3": 0,
      "4": 0,
      "5": 0,
      "6": 0,
      "7": 0,
      "8": 0,
      "9": 0,
      "10": 0,
      "11": 0,
      "12": 0,
      "13": 0,
      "14": 0,
      "15": 0,
      "16": 0,
      "17": 0,
      "18": 0,
      "19": 0,
      "20": 0,
      "21": 0,
      "22": 0,
      "23": 0,
      "24": 0,
      "25": 0,
      "26": 0,
      "27": 0,
      "28": 0,
      "29": 0,
      "30": 0,
      "31": 0,
      "32": 0,
      "33": 0,
      "34": 0,
      "35": 0,
      "36": 0,
      "37": 0,
      "38": 0,
      "39": 0
    },
    "f": { "0": 0, "1": 0, "2": 0, "3": 0, "4": 0, "5": 0, "6": 0 },
    "b": { "0": [0, 0], "1": [0, 0], "2": [0, 0], "3": [0, 0], "4": [0, 0] }
  },
  "/Users/hardik.chauhan/opensesame/learning_project/sequelize-project-hetal/src/controllers/AuthController.ts": {
    "path": "/Users/hardik.chauhan/opensesame/learning_project/sequelize-project-hetal/src/controllers/AuthController.ts",
    "statementMap": {
      "0": {
        "start": { "line": 2, "column": 0 },
        "end": { "line": 2, "column": 52 }
      },
      "1": {
        "start": { "line": 3, "column": 0 },
        "end": { "line": 3, "column": 51 }
      },
      "2": {
        "start": { "line": 4, "column": 0 },
        "end": { "line": 4, "column": 37 }
      },
      "3": {
        "start": { "line": 10, "column": 4 },
        "end": { "line": 10, "column": 27 }
      },
      "4": {
        "start": { "line": 11, "column": 4 },
        "end": { "line": 11, "column": 22 }
      },
      "5": {
        "start": { "line": 15, "column": 4 },
        "end": { "line": 15, "column": 43 }
      },
      "6": {
        "start": { "line": 20, "column": 4 },
        "end": { "line": 20, "column": 45 }
      },
      "7": {
        "start": { "line": 21, "column": 35 },
        "end": { "line": 21, "column": 43 }
      },
      "8": {
        "start": { "line": 22, "column": 4 },
        "end": { "line": 29, "column": 5 }
      },
      "9": {
        "start": { "line": 23, "column": 21 },
        "end": { "line": 23, "column": 22 }
      },
      "10": {
        "start": { "line": 24, "column": 20 },
        "end": { "line": 24, "column": 41 }
      },
      "11": {
        "start": { "line": 25, "column": 6 },
        "end": { "line": 25, "column": 102 }
      },
      "12": {
        "start": { "line": 26, "column": 6 },
        "end": { "line": 26, "column": 60 }
      },
      "13": {
        "start": { "line": 28, "column": 6 },
        "end": { "line": 28, "column": 50 }
      },
      "14": {
        "start": { "line": 6, "column": 0 },
        "end": { "line": 6, "column": 13 }
      }
    },
    "fnMap": {
      "0": {
        "name": "(anonymous_1)",
        "decl": {
          "start": { "line": 9, "column": 2 },
          "end": { "line": 9, "column": null }
        },
        "loc": {
          "start": { "line": 9, "column": 2 },
          "end": { "line": 12, "column": 3 }
        }
      },
      "1": {
        "name": "(anonymous_2)",
        "decl": {
          "start": { "line": 14, "column": 10 },
          "end": { "line": 14, "column": 20 }
        },
        "loc": {
          "start": { "line": 14, "column": 20 },
          "end": { "line": 16, "column": 3 }
        }
      },
      "2": {
        "name": "(anonymous_3)",
        "decl": {
          "start": { "line": 18, "column": 10 },
          "end": { "line": 18, "column": 15 }
        },
        "loc": {
          "start": { "line": 18, "column": 43 },
          "end": { "line": 30, "column": 3 }
        }
      }
    },
    "branchMap": {
      "0": {
        "loc": {
          "start": { "line": 22, "column": 4 },
          "end": { "line": 29, "column": 5 }
        },
        "type": "if",
        "locations": [
          {
            "start": { "line": 22, "column": 4 },
            "end": { "line": 29, "column": 5 }
          },
          {
            "start": { "line": 27, "column": 11 },
            "end": { "line": 29, "column": 5 }
          }
        ]
      },
      "1": {
        "loc": {
          "start": { "line": 22, "column": 8 },
          "end": { "line": 22, "column": 55 }
        },
        "type": "binary-expr",
        "locations": [
          {
            "start": { "line": 22, "column": 8 },
            "end": { "line": 22, "column": 28 }
          },
          {
            "start": { "line": 22, "column": 32 },
            "end": { "line": 22, "column": 55 }
          }
        ]
      }
    },
    "s": {
      "0": 0,
      "1": 0,
      "2": 0,
      "3": 0,
      "4": 0,
      "5": 0,
      "6": 0,
      "7": 0,
      "8": 0,
      "9": 0,
      "10": 0,
      "11": 0,
      "12": 0,
      "13": 0,
      "14": 0
    },
    "f": { "0": 0, "1": 0, "2": 0 },
    "b": { "0": [0, 0], "1": [0, 0] }
  },
  "/Users/hardik.chauhan/opensesame/learning_project/sequelize-project-hetal/src/controllers/HomeController.ts": {
    "path": "/Users/hardik.chauhan/opensesame/learning_project/sequelize-project-hetal/src/controllers/HomeController.ts",
    "statementMap": {
      "0": {
        "start": { "line": 1, "column": 0 },
        "end": { "line": 1, "column": 52 }
      },
      "1": {
        "start": { "line": 7, "column": 4 },
        "end": { "line": 7, "column": 27 }
      },
      "2": {
        "start": { "line": 8, "column": 4 },
        "end": { "line": 8, "column": 22 }
      },
      "3": {
        "start": { "line": 12, "column": 4 },
        "end": { "line": 12, "column": 37 }
      },
      "4": {
        "start": { "line": 16, "column": 4 },
        "end": { "line": 16, "column": 42 }
      },
      "5": {
        "start": { "line": 3, "column": 0 },
        "end": { "line": 3, "column": 13 }
      }
    },
    "fnMap": {
      "0": {
        "name": "(anonymous_0)",
        "decl": {
          "start": { "line": 6, "column": 2 },
          "end": { "line": 6, "column": null }
        },
        "loc": {
          "start": { "line": 6, "column": 2 },
          "end": { "line": 9, "column": 3 }
        }
      },
      "1": {
        "name": "(anonymous_1)",
        "decl": {
          "start": { "line": 11, "column": 9 },
          "end": { "line": 11, "column": 19 }
        },
        "loc": {
          "start": { "line": 11, "column": 19 },
          "end": { "line": 13, "column": 3 }
        }
      },
      "2": {
        "name": "(anonymous_2)",
        "decl": {
          "start": { "line": 15, "column": 2 },
          "end": { "line": 15, "column": 7 }
        },
        "loc": {
          "start": { "line": 15, "column": 35 },
          "end": { "line": 17, "column": 3 }
        }
      }
    },
    "branchMap": {},
    "s": { "0": 0, "1": 0, "2": 0, "3": 0, "4": 0, "5": 0 },
    "f": { "0": 0, "1": 0, "2": 0 },
    "b": {}
  },
  "/Users/hardik.chauhan/opensesame/learning_project/sequelize-project-hetal/src/controllers/UserController.ts": {
    "path": "/Users/hardik.chauhan/opensesame/learning_project/sequelize-project-hetal/src/controllers/UserController.ts",
    "statementMap": {
      "0": {
        "start": { "line": 2, "column": 0 },
        "end": { "line": 2, "column": 66 }
      },
      "1": {
        "start": { "line": 3, "column": 0 },
        "end": { "line": 3, "column": 51 }
      },
      "2": {
        "start": { "line": 4, "column": 0 },
        "end": { "line": 4, "column": 53 }
      },
      "3": {
        "start": { "line": 5, "column": 0 },
        "end": { "line": 5, "column": 62 }
      },
      "4": {
        "start": { "line": 28, "column": 2 },
        "end": { "line": 31, "column": 4 }
      },
      "5": {
        "start": { "line": 28, "column": 94 },
        "end": { "line": 31, "column": 4 }
      },
      "6": {
        "start": { "line": 44, "column": 2 },
        "end": { "line": 52, "column": 4 }
      },
      "7": {
        "start": { "line": 44, "column": 94 },
        "end": { "line": 52, "column": 4 }
      },
      "8": {
        "start": { "line": 46, "column": 17 },
        "end": { "line": 46, "column": 26 }
      },
      "9": {
        "start": { "line": 48, "column": 4 },
        "end": { "line": 50, "column": 5 }
      },
      "10": {
        "start": { "line": 49, "column": 6 },
        "end": { "line": 49, "column": 51 }
      },
      "11": {
        "start": { "line": 51, "column": 4 },
        "end": { "line": 51, "column": 19 }
      },
      "12": {
        "start": { "line": 12, "column": 4 },
        "end": { "line": 12, "column": 27 }
      },
      "13": {
        "start": { "line": 13, "column": 4 },
        "end": { "line": 13, "column": 22 }
      },
      "14": {
        "start": { "line": 17, "column": 4 },
        "end": { "line": 17, "column": 62 }
      },
      "15": {
        "start": { "line": 18, "column": 4 },
        "end": { "line": 18, "column": 67 }
      },
      "16": {
        "start": { "line": 20, "column": 4 },
        "end": { "line": 20, "column": 73 }
      },
      "17": {
        "start": { "line": 21, "column": 4 },
        "end": { "line": 21, "column": 77 }
      },
      "18": {
        "start": { "line": 8, "column": 0 },
        "end": { "line": 8, "column": 13 }
      }
    },
    "fnMap": {
      "0": {
        "name": "(anonymous_7)",
        "decl": {
          "start": { "line": 11, "column": 2 },
          "end": { "line": 11, "column": null }
        },
        "loc": {
          "start": { "line": 11, "column": 2 },
          "end": { "line": 14, "column": 3 }
        }
      },
      "1": {
        "name": "(anonymous_8)",
        "decl": {
          "start": { "line": 28, "column": 21 },
          "end": { "line": 28, "column": 28 }
        },
        "loc": {
          "start": { "line": 28, "column": 94 },
          "end": { "line": 31, "column": 4 }
        }
      },
      "2": {
        "name": "(anonymous_9)",
        "decl": {
          "start": { "line": 28, "column": 94 },
          "end": { "line": 28, "column": null }
        },
        "loc": {
          "start": { "line": 28, "column": 94 },
          "end": { "line": 31, "column": 3 }
        }
      },
      "3": {
        "name": "(anonymous_10)",
        "decl": {
          "start": { "line": 44, "column": 21 },
          "end": { "line": 44, "column": 28 }
        },
        "loc": {
          "start": { "line": 44, "column": 94 },
          "end": { "line": 52, "column": 4 }
        }
      },
      "4": {
        "name": "(anonymous_11)",
        "decl": {
          "start": { "line": 44, "column": 94 },
          "end": { "line": 44, "column": null }
        },
        "loc": {
          "start": { "line": 44, "column": 94 },
          "end": { "line": 52, "column": 3 }
        }
      },
      "5": {
        "name": "(anonymous_12)",
        "decl": {
          "start": { "line": 16, "column": 10 },
          "end": { "line": 16, "column": 20 }
        },
        "loc": {
          "start": { "line": 16, "column": 20 },
          "end": { "line": 22, "column": 3 }
        }
      },
      "6": {
        "name": "(anonymous_13)",
        "decl": {
          "start": { "line": 24, "column": 2 },
          "end": { "line": 24, "column": 13 }
        },
        "loc": {
          "start": { "line": 24, "column": 41 },
          "end": { "line": 26, "column": 3 }
        }
      },
      "7": {
        "name": "(anonymous_14)",
        "decl": {
          "start": { "line": 33, "column": 2 },
          "end": { "line": 33, "column": 13 }
        },
        "loc": {
          "start": { "line": 33, "column": 61 },
          "end": { "line": 42, "column": 3 }
        }
      }
    },
    "branchMap": {
      "0": {
        "loc": {
          "start": { "line": 48, "column": 4 },
          "end": { "line": 50, "column": 5 }
        },
        "type": "if",
        "locations": [
          {
            "start": { "line": 48, "column": 4 },
            "end": { "line": 50, "column": 5 }
          }
        ]
      }
    },
    "s": {
      "0": 0,
      "1": 0,
      "2": 0,
      "3": 0,
      "4": 0,
      "5": 0,
      "6": 0,
      "7": 0,
      "8": 0,
      "9": 0,
      "10": 0,
      "11": 0,
      "12": 0,
      "13": 0,
      "14": 0,
      "15": 0,
      "16": 0,
      "17": 0,
      "18": 0
    },
    "f": { "0": 0, "1": 0, "2": 0, "3": 0, "4": 0, "5": 0, "6": 0, "7": 0 },
    "b": { "0": [0] }
  },
  "/Users/hardik.chauhan/opensesame/learning_project/sequelize-project-hetal/src/middlewares/auth.middleware.ts": {
    "path": "/Users/hardik.chauhan/opensesame/learning_project/sequelize-project-hetal/src/middlewares/auth.middleware.ts",
    "statementMap": {
      "0": {
        "start": { "line": 3, "column": 0 },
        "end": { "line": 3, "column": 49 }
      },
      "1": {
        "start": { "line": 4, "column": 0 },
        "end": { "line": 4, "column": 51 }
      },
      "2": {
        "start": { "line": 6, "column": 28 },
        "end": { "line": 19, "column": 1 }
      },
      "3": {
        "start": { "line": 7, "column": 2 },
        "end": { "line": 18, "column": 3 }
      },
      "4": {
        "start": { "line": 8, "column": 18 },
        "end": { "line": 8, "column": 58 }
      },
      "5": {
        "start": { "line": 9, "column": 4 },
        "end": { "line": 11, "column": 5 }
      },
      "6": {
        "start": { "line": 10, "column": 6 },
        "end": { "line": 10, "column": 70 }
      },
      "7": {
        "start": { "line": 13, "column": 20 },
        "end": { "line": 13, "column": 38 }
      },
      "8": {
        "start": { "line": 15, "column": 4 },
        "end": { "line": 15, "column": 11 }
      },
      "9": {
        "start": { "line": 17, "column": 4 },
        "end": { "line": 17, "column": 59 }
      },
      "10": {
        "start": { "line": 6, "column": 13 },
        "end": { "line": 6, "column": 28 }
      }
    },
    "fnMap": {
      "0": {
        "name": "(anonymous_0)",
        "decl": {
          "start": { "line": 6, "column": 28 },
          "end": { "line": 6, "column": 29 }
        },
        "loc": {
          "start": { "line": 6, "column": 86 },
          "end": { "line": 19, "column": 1 }
        }
      }
    },
    "branchMap": {
      "0": {
        "loc": {
          "start": { "line": 8, "column": 18 },
          "end": { "line": 8, "column": 58 }
        },
        "type": "cond-expr",
        "locations": [
          {
            "start": { "line": 8, "column": 43 },
            "end": { "line": 8, "column": 45 }
          },
          {
            "start": { "line": 8, "column": 43 },
            "end": { "line": 8, "column": 58 }
          }
        ]
      },
      "1": {
        "loc": {
          "start": { "line": 8, "column": 18 },
          "end": { "line": 8, "column": 45 }
        },
        "type": "binary-expr",
        "locations": [
          {
            "start": { "line": 8, "column": 18 },
            "end": { "line": 8, "column": 45 }
          },
          {
            "start": { "line": 8, "column": 43 },
            "end": { "line": 8, "column": 45 }
          }
        ]
      },
      "2": {
        "loc": {
          "start": { "line": 9, "column": 4 },
          "end": { "line": 11, "column": 5 }
        },
        "type": "if",
        "locations": [
          {
            "start": { "line": 9, "column": 4 },
            "end": { "line": 11, "column": 5 }
          }
        ]
      }
    },
    "s": {
      "0": 0,
      "1": 0,
      "2": 0,
      "3": 0,
      "4": 0,
      "5": 0,
      "6": 0,
      "7": 0,
      "8": 0,
      "9": 0,
      "10": 0
    },
    "f": { "0": 0 },
    "b": { "0": [0, 0], "1": [0, 0], "2": [0] }
  },
  "/Users/hardik.chauhan/opensesame/learning_project/sequelize-project-hetal/src/middlewares/requestLogger.middleware.ts": {
    "path": "/Users/hardik.chauhan/opensesame/learning_project/sequelize-project-hetal/src/middlewares/requestLogger.middleware.ts",
    "statementMap": {
      "0": {
        "start": { "line": 3, "column": 0 },
        "end": { "line": 3, "column": 37 }
      },
      "1": {
        "start": { "line": 5, "column": 39 },
        "end": { "line": 8, "column": 1 }
      },
      "2": {
        "start": { "line": 6, "column": 2 },
        "end": { "line": 6, "column": 43 }
      },
      "3": {
        "start": { "line": 7, "column": 2 },
        "end": { "line": 7, "column": 9 }
      },
      "4": {
        "start": { "line": 5, "column": 13 },
        "end": { "line": 5, "column": 39 }
      }
    },
    "fnMap": {
      "0": {
        "name": "(anonymous_1)",
        "decl": {
          "start": { "line": 5, "column": 39 },
          "end": { "line": 5, "column": 40 }
        },
        "loc": {
          "start": { "line": 5, "column": 97 },
          "end": { "line": 8, "column": 1 }
        }
      }
    },
    "branchMap": {},
    "s": { "0": 0, "1": 0, "2": 0, "3": 0, "4": 0 },
    "f": { "0": 0 },
    "b": {}
  },
  "/Users/hardik.chauhan/opensesame/learning_project/sequelize-project-hetal/src/utils/CustomError.ts": {
    "path": "/Users/hardik.chauhan/opensesame/learning_project/sequelize-project-hetal/src/utils/CustomError.ts",
    "statementMap": {
      "0": {
        "start": { "line": 7, "column": 6 },
        "end": { "line": 7, "column": 21 }
      },
      "1": {
        "start": { "line": 8, "column": 6 },
        "end": { "line": 8, "column": 35 }
      },
      "2": {
        "start": { "line": 9, "column": 6 },
        "end": { "line": 9, "column": 57 }
      },
      "3": {
        "start": { "line": 3, "column": 0 },
        "end": { "line": 3, "column": 13 }
      }
    },
    "fnMap": {
      "0": {
        "name": "(anonymous_0)",
        "decl": {
          "start": { "line": 6, "column": 4 },
          "end": { "line": 6, "column": 16 }
        },
        "loc": {
          "start": { "line": 6, "column": 51 },
          "end": { "line": 10, "column": 5 }
        }
      }
    },
    "branchMap": {},
    "s": { "0": 0, "1": 0, "2": 0, "3": 0 },
    "f": { "0": 0 },
    "b": {}
  },
  "/Users/hardik.chauhan/opensesame/learning_project/sequelize-project-hetal/src/utils/asyncHandler.ts": {
    "path": "/Users/hardik.chauhan/opensesame/learning_project/sequelize-project-hetal/src/utils/asyncHandler.ts",
    "statementMap": {
      "0": {
        "start": { "line": 4, "column": 28 },
        "end": { "line": 7, "column": 1 }
      },
      "1": {
        "start": { "line": 5, "column": 0 },
        "end": { "line": 7, "column": 1 }
      },
      "2": {
        "start": { "line": 6, "column": 2 },
        "end": { "line": 6, "column": 50 }
      },
      "3": {
        "start": { "line": 4, "column": 13 },
        "end": { "line": 4, "column": 28 }
      }
    },
    "fnMap": {
      "0": {
        "name": "(anonymous_0)",
        "decl": {
          "start": { "line": 4, "column": 28 },
          "end": { "line": 4, "column": 29 }
        },
        "loc": {
          "start": { "line": 5, "column": 0 },
          "end": { "line": 7, "column": 1 }
        }
      },
      "1": {
        "name": "(anonymous_1)",
        "decl": {
          "start": { "line": 5, "column": 0 },
          "end": { "line": 5, "column": 1 }
        },
        "loc": {
          "start": { "line": 5, "column": 52 },
          "end": { "line": 7, "column": 1 }
        }
      }
    },
    "branchMap": {},
    "s": { "0": 0, "1": 0, "2": 0, "3": 0 },
    "f": { "0": 0, "1": 0 },
    "b": {}
  },
  "/Users/hardik.chauhan/opensesame/learning_project/sequelize-project-hetal/src/utils/jwt.utils.ts": {
    "path": "/Users/hardik.chauhan/opensesame/learning_project/sequelize-project-hetal/src/utils/jwt.utils.ts",
    "statementMap": {
      "0": {
        "start": { "line": 2, "column": 0 },
        "end": { "line": 2, "column": 31 }
      },
      "1": {
        "start": { "line": 4, "column": 18 },
        "end": { "line": 4, "column": 41 }
      },
      "2": {
        "start": { "line": 6, "column": 29 },
        "end": { "line": 9, "column": 1 }
      },
      "3": {
        "start": { "line": 7, "column": 20 },
        "end": { "line": 7, "column": 30 }
      },
      "4": {
        "start": { "line": 8, "column": 2 },
        "end": { "line": 8, "column": 59 }
      },
      "5": {
        "start": { "line": 6, "column": 13 },
        "end": { "line": 6, "column": 29 }
      },
      "6": {
        "start": { "line": 11, "column": 27 },
        "end": { "line": 13, "column": 1 }
      },
      "7": {
        "start": { "line": 12, "column": 2 },
        "end": { "line": 12, "column": 38 }
      },
      "8": {
        "start": { "line": 11, "column": 13 },
        "end": { "line": 11, "column": 27 }
      }
    },
    "fnMap": {
      "0": {
        "name": "(anonymous_1)",
        "decl": {
          "start": { "line": 6, "column": 29 },
          "end": { "line": 6, "column": 30 }
        },
        "loc": {
          "start": { "line": 6, "column": 56 },
          "end": { "line": 9, "column": 1 }
        }
      },
      "1": {
        "name": "(anonymous_2)",
        "decl": {
          "start": { "line": 11, "column": 27 },
          "end": { "line": 11, "column": 28 }
        },
        "loc": {
          "start": { "line": 11, "column": 70 },
          "end": { "line": 13, "column": 1 }
        }
      }
    },
    "branchMap": {},
    "s": {
      "0": 0,
      "1": 0,
      "2": 0,
      "3": 0,
      "4": 0,
      "5": 0,
      "6": 0,
      "7": 0,
      "8": 0
    },
    "f": { "0": 0, "1": 0 },
    "b": {}
  },
  "/Users/hardik.chauhan/opensesame/learning_project/sequelize-project-hetal/src/utils/logger.ts": {
    "path": "/Users/hardik.chauhan/opensesame/learning_project/sequelize-project-hetal/src/utils/logger.ts",
    "statementMap": {
      "0": {
        "start": { "line": 2, "column": 0 },
        "end": { "line": 2, "column": 30 }
      },
      "1": {
        "start": { "line": 5, "column": 39 },
        "end": { "line": 21, "column": 2 }
      },
      "2": {
        "start": { "line": 24, "column": 15 },
        "end": { "line": 24, "column": 44 }
      },
      "3": {
        "start": { "line": 26, "column": 0 },
        "end": { "line": 26, "column": 22 }
      }
    },
    "fnMap": {},
    "branchMap": {},
    "s": { "0": 0, "1": 0, "2": 0, "3": 0 },
    "f": {},
    "b": {}
  },
  "/Users/hardik.chauhan/opensesame/learning_project/sequelize-project-hetal/src/utils/sum.ts": {
    "path": "/Users/hardik.chauhan/opensesame/learning_project/sequelize-project-hetal/src/utils/sum.ts",
    "statementMap": {
      "0": {
        "start": { "line": 2, "column": 19 },
        "end": { "line": 4, "column": 3 }
      },
      "1": {
        "start": { "line": 3, "column": 4 },
        "end": { "line": 3, "column": 17 }
      },
      "2": {
        "start": { "line": 2, "column": 13 },
        "end": { "line": 2, "column": 19 }
      }
    },
    "fnMap": {
      "0": {
        "name": "(anonymous_0)",
        "decl": {
          "start": { "line": 2, "column": 19 },
          "end": { "line": 2, "column": 20 }
        },
        "loc": {
          "start": { "line": 2, "column": 52 },
          "end": { "line": 4, "column": 3 }
        }
      }
    },
    "branchMap": {},
    "s": { "0": 1, "1": 1, "2": 1 },
    "f": { "0": 1 },
    "b": {}
  }
}
